\BOOKMARK [0][-]{Doc-Start}{\376\377\000H\000A\000L\000A\000M\000A\000N\000\040\000J\000U\000D\000U\000L}{}% 1
\BOOKMARK [0][-]{Doc-Start}{\376\377\000H\000A\000L\000A\000M\000A\000N\000\040\000P\000E\000R\000N\000Y\000A\000T\000A\000A\000N\000\040\000O\000R\000I\000S\000I\000N\000A\000L\000I\000T\000A\000S}{}% 2
\BOOKMARK [0][-]{chapter*.1}{\376\377\000H\000A\000L\000A\000M\000A\000N\000\040\000P\000E\000N\000G\000E\000S\000A\000H\000A\000N}{}% 3
\BOOKMARK [0][-]{chapter*.2}{\376\377\000K\000A\000T\000A\000\040\000P\000E\000N\000G\000A\000N\000T\000A\000R}{}% 4
\BOOKMARK [0][-]{chapter*.3}{\376\377\000H\000A\000L\000A\000M\000A\000N\000\040\000P\000E\000R\000N\000Y\000A\000T\000A\000A\000N\000\040\000P\000E\000R\000S\000E\000T\000U\000J\000U\000A\000N\000\040\000P\000U\000B\000L\000I\000K\000A\000S\000I\000\040\000T\000U\000G\000A\000S\000\040\000A\000K\000H\000I\000R\000\040\000U\000N\000T\000U\000K\000\040\000K\000E\000P\000E\000N\000T\000I\000N\000G\000A\000N\000\040\000A\000K\000A\000D\000E\000M\000I\000S}{}% 5
\BOOKMARK [0][-]{chapter*.4}{\376\377\000A\000B\000S\000T\000R\000A\000K}{}% 6
\BOOKMARK [0][-]{chapter*.5}{\376\377\000A\000B\000S\000T\000R\000A\000C\000T}{}% 7
\BOOKMARK [0][-]{chapter*.6}{\376\377\000D\000A\000F\000T\000A\000R\000\040\000I\000S\000I}{}% 8
\BOOKMARK [0][-]{chapter*.6}{\376\377\000D\000A\000F\000T\000A\000R\000\040\000G\000A\000M\000B\000A\000R}{}% 9
\BOOKMARK [0][-]{chapter*.6}{\376\377\000D\000A\000F\000T\000A\000R\000\040\000T\000A\000B\000E\000L}{}% 10
\BOOKMARK [0][-]{chapter*.6}{\376\377\000D\000A\000F\000T\000A\000R\000\040\000L\000A\000M\000P\000I\000R\000A\000N}{}% 11
\BOOKMARK [0][-]{chapter.1}{\376\377\000P\000E\000N\000D\000A\000H\000U\000L\000U\000A\000N}{}% 12
\BOOKMARK [1][-]{section.1.1}{\376\377\000L\000a\000t\000a\000r\000\040\000B\000e\000l\000a\000k\000a\000n\000g}{chapter.1}% 13
\BOOKMARK [1][-]{section.1.2}{\376\377\000R\000u\000m\000u\000s\000a\000n\000\040\000M\000a\000s\000a\000l\000a\000h}{chapter.1}% 14
\BOOKMARK [1][-]{section.1.3}{\376\377\000T\000u\000j\000u\000a\000n\000\040\000P\000e\000n\000e\000l\000i\000t\000i\000a\000n}{chapter.1}% 15
\BOOKMARK [1][-]{section.1.4}{\376\377\000B\000a\000t\000a\000s\000a\000n\000\040\000P\000e\000n\000e\000l\000i\000t\000i\000a\000n}{chapter.1}% 16
\BOOKMARK [1][-]{section.1.5}{\376\377\000M\000e\000t\000o\000d\000o\000l\000o\000g\000i\000\040\000P\000e\000n\000e\000l\000i\000t\000i\000a\000n}{chapter.1}% 17
\BOOKMARK [0][-]{chapter.2}{\376\377\000T\000I\000N\000J\000A\000U\000A\000N\000\040\000P\000U\000S\000T\000A\000K\000A}{}% 18
\BOOKMARK [1][-]{section.2.1}{\376\377\000S\000u\000b\000b\000a\000b\000\040\000D\000e\000r\000a\000j\000a\000t\000\040\000P\000e\000r\000t\000a\000m\000a}{chapter.2}% 19
\BOOKMARK [2][-]{subsection.2.1.1}{\376\377\000S\000u\000b\000b\000a\000b\000\040\000D\000e\000r\000a\000j\000a\000t\000\040\000K\000e\000d\000u\000a}{section.2.1}% 20
\BOOKMARK [3][-]{subsubsection.2.1.1.1}{\376\377\000S\000u\000b\000b\000a\000b\000\040\000D\000e\000r\000a\000j\000a\000t\000\040\000K\000e\000t\000i\000g\000a}{subsection.2.1.1}% 21
\BOOKMARK [0][-]{chapter.3}{\376\377\000A\000N\000A\000L\000I\000S\000I\000S}{}% 22
\BOOKMARK [1][-]{section.3.1}{\376\377\000S\000u\000b\000b\000a\000b\000\040\000D\000e\000r\000a\000j\000a\000t\000\040\000P\000e\000r\000t\000a\000m\000a}{chapter.3}% 23
\BOOKMARK [2][-]{subsection.3.1.1}{\376\377\000S\000u\000b\000b\000a\000b\000\040\000D\000e\000r\000a\000j\000a\000t\000\040\000K\000e\000d\000u\000a}{section.3.1}% 24
\BOOKMARK [3][-]{subsubsection.3.1.1.1}{\376\377\000S\000u\000b\000b\000a\000b\000\040\000D\000e\000r\000a\000j\000a\000t\000\040\000K\000e\000t\000i\000g\000a}{subsection.3.1.1}% 25
\BOOKMARK [0][-]{chapter.4}{\376\377\000P\000E\000N\000U\000T\000U\000P}{}% 26
\BOOKMARK [1][-]{section.4.1}{\376\377\000K\000e\000s\000i\000m\000p\000u\000l\000a\000n}{chapter.4}% 27
\BOOKMARK [1][-]{section.4.2}{\376\377\000S\000a\000r\000a\000n}{chapter.4}% 28
\BOOKMARK [0][-]{section.4.2}{\376\377\000D\000A\000F\000T\000A\000R\000\040\000R\000E\000F\000E\000R\000E\000N\000S\000I}{}% 29
